<?xml version="1.0" encoding="UTF-8"?>
<!-- Generated by org.testng.reporters.JUnitXMLReporter -->
<testsuite ignored="0" hostname="Harikrishna" failures="0" tests="2" name="Default test" time="26.753" errors="0" timestamp="2024-10-10T11:58:30 IST">
  <testcase classname="crossbrowser.Using_dataprovider$Using_Repository" name="branchCreation" time="9.058"/>
  <testcase classname="crossbrowser.Using_dataprovider$Using_Repository" name="roleCreation" time="5.791"/>
</testsuite> <!-- Default test -->
