<?xml version="1.0" encoding="UTF-8"?>
<!-- Generated by org.testng.reporters.JUnitXMLReporter -->
<testsuite ignored="3" hostname="Harikrishna" failures="0" tests="2" name="test" time="0.065" errors="0" timestamp="2024-10-21T11:19:57 IST">
  <testcase classname="practicetestNgConcepts.Demo1" name="LoginAPICarLoan" time="0.009"/>
  <testcase classname="practicetestNgConcepts.Demo1" name="WebLoginCarLoan" time="0.002"/>
  <testcase classname="practicetestNgConcepts.Demo1" name="MobileLoginHomeLoan" time="0.0">
    <ignored/>
  </testcase> <!-- MobileLoginHomeLoan -->
  <testcase classname="practicetestNgConcepts.Demo1" name="MobileLoginCarLoan" time="0.0">
    <ignored/>
  </testcase> <!-- MobileLoginCarLoan -->
  <testcase classname="practicetestNgConcepts.Demo1" name="MobileLoginPersonalLoan" time="0.0">
    <ignored/>
  </testcase> <!-- MobileLoginPersonalLoan -->
</testsuite> <!-- test -->
