<?xml version="1.0" encoding="UTF-8"?>
<!-- Generated by org.testng.reporters.JUnitXMLReporter -->
<testsuite ignored="0" hostname="Harikrishna" failures="0" tests="5" name="chrometest" time="30.038" errors="0" timestamp="2024-10-10T11:56:00 IST">
  <testcase classname="crossbrowser.CrossBrowser" name="veriy_Login" time="7.838"/>
  <testcase classname="crossbrowser.CrossBrowser" name="veriy_Login" time="4.836"/>
  <testcase classname="crossbrowser.CrossBrowser" name="veriy_Login" time="4.427"/>
  <testcase classname="crossbrowser.CrossBrowser" name="veriy_Login" time="5.241"/>
  <testcase classname="crossbrowser.CrossBrowser" name="veriy_Login" time="4.536"/>
</testsuite> <!-- chrometest -->
