<?xml version="1.0" encoding="UTF-8"?>
<!-- Generated by org.testng.reporters.JUnitXMLReporter -->
<testsuite ignored="0" hostname="Harikrishna" failures="0" tests="5" name="firefoxtest" time="34.074" errors="0" timestamp="2024-10-10T11:56:34 IST">
  <testcase classname="crossbrowser.CrossBrowser" name="veriy_Login" time="7.11"/>
  <testcase classname="crossbrowser.CrossBrowser" name="veriy_Login" time="4.997"/>
  <testcase classname="crossbrowser.CrossBrowser" name="veriy_Login" time="5.05"/>
  <testcase classname="crossbrowser.CrossBrowser" name="veriy_Login" time="5.48"/>
  <testcase classname="crossbrowser.CrossBrowser" name="veriy_Login" time="5.08"/>
</testsuite> <!-- firefoxtest -->
