<?xml version="1.0" encoding="UTF-8"?>
<testng-results ignored="0" total="2" passed="2" failed="0" skipped="0">
  <reporter-output>
    <line>
      <![CDATA[New Branch with id 13 created Sucessfully]]>
    </line>
    <line>
      <![CDATA[New Role with id 12 Created Sucessfully]]>
    </line>
  </reporter-output>
  <suite started-at="2024-10-10T11:58:03 IST" name="Default suite" finished-at="2024-10-10T11:58:30 IST" duration-ms="26753">
    <groups>
    </groups>
    <test started-at="2024-10-10T11:58:03 IST" name="Default test" finished-at="2024-10-10T11:58:30 IST" duration-ms="26753">
      <class name="crossbrowser.Using_dataprovider$Using_Repository">
        <test-method is-config="true" signature="setUp()[pri:0, instance:crossbrowser.Using_dataprovider$Using_Repository@e57b96d]" started-at="2024-10-10T11:58:03 IST" name="setUp" finished-at="2024-10-10T11:58:09 IST" duration-ms="5875" status="PASS">
          <reporter-output>
          </reporter-output>
        </test-method> <!-- setUp -->
        <test-method signature="branchCreation()[pri:0, instance:crossbrowser.Using_dataprovider$Using_Repository@e57b96d]" started-at="2024-10-10T11:58:09 IST" name="branchCreation" finished-at="2024-10-10T11:58:18 IST" duration-ms="9058" status="PASS">
          <reporter-output>
            <line>
              <![CDATA[New Branch with id 13 created Sucessfully]]>
            </line>
          </reporter-output>
        </test-method> <!-- branchCreation -->
        <test-method is-config="true" signature="tearDown()[pri:0, instance:crossbrowser.Using_dataprovider$Using_Repository@e57b96d]" started-at="2024-10-10T11:58:18 IST" name="tearDown" finished-at="2024-10-10T11:58:19 IST" duration-ms="625" status="PASS">
          <reporter-output>
          </reporter-output>
        </test-method> <!-- tearDown -->
        <test-method is-config="true" signature="setUp()[pri:0, instance:crossbrowser.Using_dataprovider$Using_Repository@e57b96d]" started-at="2024-10-10T11:58:19 IST" name="setUp" finished-at="2024-10-10T11:58:23 IST" duration-ms="4949" status="PASS">
          <reporter-output>
          </reporter-output>
        </test-method> <!-- setUp -->
        <test-method signature="roleCreation()[pri:0, instance:crossbrowser.Using_dataprovider$Using_Repository@e57b96d]" started-at="2024-10-10T11:58:23 IST" name="roleCreation" finished-at="2024-10-10T11:58:29 IST" duration-ms="5791" status="PASS">
          <reporter-output>
            <line>
              <![CDATA[New Role with id 12 Created Sucessfully]]>
            </line>
          </reporter-output>
        </test-method> <!-- roleCreation -->
        <test-method is-config="true" signature="tearDown()[pri:0, instance:crossbrowser.Using_dataprovider$Using_Repository@e57b96d]" started-at="2024-10-10T11:58:29 IST" name="tearDown" finished-at="2024-10-10T11:58:30 IST" duration-ms="386" status="PASS">
          <reporter-output>
          </reporter-output>
        </test-method> <!-- tearDown -->
      </class> <!-- crossbrowser.Using_dataprovider$Using_Repository -->
    </test> <!-- Default test -->
  </suite> <!-- Default suite -->
</testng-results>
