<?xml version="1.0" encoding="UTF-8"?>
<testng-results ignored="0" total="2" passed="2" failed="0" skipped="0">
  <reporter-output>
  </reporter-output>
  <suite started-at="2024-11-13T17:58:50 IST" name="Default suite" finished-at="2024-11-13T17:58:59 IST" duration-ms="8992">
    <groups>
    </groups>
    <test started-at="2024-11-13T17:58:50 IST" name="Default test" finished-at="2024-11-13T17:58:59 IST" duration-ms="8992">
      <class name="exetendreports.ExetendReports">
        <test-method is-config="true" signature="generateReport()[pri:0, instance:exetendreports.ExetendReports@7e4204e2]" started-at="2024-11-13T17:58:50 IST" name="generateReport" finished-at="2024-11-13T17:58:51 IST" duration-ms="211" status="PASS">
          <reporter-output>
          </reporter-output>
        </test-method> <!-- generateReport -->
        <test-method is-config="true" signature="setUp()[pri:0, instance:exetendreports.ExetendReports@7e4204e2]" started-at="2024-11-13T17:58:51 IST" name="setUp" finished-at="2024-11-13T17:58:55 IST" duration-ms="4590" status="PASS">
          <reporter-output>
          </reporter-output>
        </test-method> <!-- setUp -->
        <test-method signature="FailTest()[pri:0, instance:exetendreports.ExetendReports@7e4204e2]" started-at="2024-11-13T17:58:55 IST" name="FailTest" finished-at="2024-11-13T17:58:55 IST" duration-ms="27" status="PASS">
          <reporter-output>
          </reporter-output>
        </test-method> <!-- FailTest -->
        <test-method is-config="true" signature="tearDown()[pri:0, instance:exetendreports.ExetendReports@7e4204e2]" started-at="2024-11-13T17:58:55 IST" name="tearDown" finished-at="2024-11-13T17:58:56 IST" duration-ms="594" status="PASS">
          <reporter-output>
          </reporter-output>
        </test-method> <!-- tearDown -->
        <test-method is-config="true" signature="setUp()[pri:0, instance:exetendreports.ExetendReports@7e4204e2]" started-at="2024-11-13T17:58:56 IST" name="setUp" finished-at="2024-11-13T17:58:59 IST" duration-ms="3183" status="PASS">
          <reporter-output>
          </reporter-output>
        </test-method> <!-- setUp -->
        <test-method signature="passTest()[pri:0, instance:exetendreports.ExetendReports@7e4204e2]" started-at="2024-11-13T17:58:59 IST" name="passTest" finished-at="2024-11-13T17:58:59 IST" duration-ms="17" status="PASS">
          <reporter-output>
          </reporter-output>
        </test-method> <!-- passTest -->
        <test-method is-config="true" signature="tearDown()[pri:0, instance:exetendreports.ExetendReports@7e4204e2]" started-at="2024-11-13T17:58:59 IST" name="tearDown" finished-at="2024-11-13T17:58:59 IST" duration-ms="319" status="PASS">
          <reporter-output>
          </reporter-output>
        </test-method> <!-- tearDown -->
      </class> <!-- exetendreports.ExetendReports -->
    </test> <!-- Default test -->
  </suite> <!-- Default suite -->
</testng-results>
