<?xml version="1.0" encoding="UTF-8"?>
<!-- Generated by org.testng.reporters.JUnitXMLReporter -->
<testsuite ignored="0" hostname="Harikrishna" failures="0" tests="5" name="Test" time="0.093" errors="0" timestamp="2024-10-21T11:16:19 IST">
  <testcase classname="practicetestNgConcepts.Demo1" name="LoginAPICarLoan" time="0.013"/>
  <testcase classname="practicetestNgConcepts.Demo1" name="MobileLoginCarLoan" time="0.004"/>
  <testcase classname="practicetestNgConcepts.Demo1" name="MobileLoginHomeLoan" time="0.002"/>
  <testcase classname="practicetestNgConcepts.Demo1" name="MobileLoginPersonalLoan" time="0.001"/>
  <testcase classname="practicetestNgConcepts.Demo1" name="WebLoginCarLoan" time="0.002"/>
</testsuite> <!-- Test -->
