<?xml version="1.0" encoding="UTF-8"?>
<!-- Generated by org.testng.reporters.JUnitXMLReporter -->
<testsuite ignored="2" hostname="Harikrishna" failures="0" tests="1" name="Car Loan" time="0.006" errors="0" timestamp="2024-10-21T11:27:13 IST">
  <testcase classname="practicetestNgConcepts.Car_loan" name="APILoginCarLoan" time="0.001"/>
  <testcase classname="practicetestNgConcepts.Car_loan" name="MobileLoginCarLoan" time="0.0">
    <ignored/>
  </testcase> <!-- MobileLoginCarLoan -->
  <testcase classname="practicetestNgConcepts.Car_loan" name="WebLoginCarLoan" time="0.0">
    <ignored/>
  </testcase> <!-- WebLoginCarLoan -->
</testsuite> <!-- Car Loan -->
