<?xml version="1.0" encoding="UTF-8"?>
<!-- Generated by org.testng.reporters.JUnitXMLReporter -->
<testsuite ignored="2" hostname="Harikrishna" failures="0" tests="1" name="Home Loan" time="0.007" errors="0" timestamp="2024-10-21T11:27:13 IST">
  <testcase classname="practicetestNgConcepts.Home_loan" name="MobileLoginHomeLoan" time="0.001"/>
  <testcase classname="practicetestNgConcepts.Home_loan" name="WebLoginHomeLoan" time="0.0">
    <ignored/>
  </testcase> <!-- WebLoginHomeLoan -->
  <testcase classname="practicetestNgConcepts.Home_loan" name="APILoginHomeLoan" time="0.0">
    <ignored/>
  </testcase> <!-- APILoginHomeLoan -->
</testsuite> <!-- Home Loan -->
