<?xml version="1.0" encoding="UTF-8"?>
<!-- Generated by org.testng.reporters.JUnitXMLReporter -->
<testsuite ignored="2" hostname="Harikrishna" failures="0" tests="1" name="Personal Loan" time="0.057" errors="0" timestamp="2024-10-21T11:27:13 IST">
  <testcase classname="practicetestNgConcepts.Personal_loan" name="WebLoginPersonalLoan" time="0.011"/>
  <testcase classname="practicetestNgConcepts.Personal_loan" name="APILoginPersonalLoan" time="0.0">
    <ignored/>
  </testcase> <!-- APILoginPersonalLoan -->
  <testcase classname="practicetestNgConcepts.Personal_loan" name="MobileLoginPersonalLoan" time="0.0">
    <ignored/>
  </testcase> <!-- MobileLoginPersonalLoan -->
</testsuite> <!-- Personal Loan -->
